<?xml version="1.0" encoding="UTF-8"?>
<testng-results skipped="0" failed="1" total="2" passed="1">
  <reporter-output>
  </reporter-output>
  <suite name="Default suite" duration-ms="20500" started-at="2018-08-09T16:08:01Z" finished-at="2018-08-09T16:08:22Z">
    <groups>
    </groups>
    <test name="Default test" duration-ms="20500" started-at="2018-08-09T16:08:01Z" finished-at="2018-08-09T16:08:22Z">
      <class name="com.Newtours_Signin_KeyWord_Driven_Testing.Newtours_Registration_keyword_datadriven_combination">
        <test-method status="PASS" signature="setUp()[pri:0, instance:com.Newtours_Signin_KeyWord_Driven_Testing.Newtours_Registration_keyword_datadriven_combination@5d5eef3d]" name="setUp" is-config="true" duration-ms="12449" started-at="2018-08-09T09:08:01Z" finished-at="2018-08-09T09:08:13Z">
          <reporter-output>
          </reporter-output>
        </test-method> <!-- setUp -->
        <test-method status="PASS" signature="register()[pri:0, instance:com.Newtours_Signin_KeyWord_Driven_Testing.Newtours_Registration_keyword_datadriven_combination@5d5eef3d]" name="register" duration-ms="2529" started-at="2018-08-09T09:08:13Z" finished-at="2018-08-09T09:08:16Z">
          <reporter-output>
          </reporter-output>
        </test-method> <!-- register -->
        <test-method status="FAIL" signature="userRegistration()[pri:1, instance:com.Newtours_Signin_KeyWord_Driven_Testing.Newtours_Registration_keyword_datadriven_combination@5d5eef3d]" name="userRegistration" duration-ms="5353" started-at="2018-08-09T09:08:16Z" finished-at="2018-08-09T09:08:21Z">
          <exception class="org.openqa.selenium.InvalidElementStateException">
            <message>
              <![CDATA[invalid element state: Element must be user-editable in order to clear it.
  (Session info: chrome=67.0.3396.99)
  (Driver info: chromedriver=2.41.578737 (49da6702b16031c40d63e5618de03a32ff6c197e),platform=Windows NT 6.3.9600 x86_64) (WARNING: The server did not provide any stacktrace information)
Command duration or timeout: 66 milliseconds
Build info: version: '2.53.1', revision: 'a36b8b1', time: '2016-06-30 17:37:03'
System info: host: 'Sairam', ip: '192.168.0.10', os.name: 'Windows 8.1', os.arch: 'amd64', os.version: '6.3', java.version: '1.8.0_172'
Driver info: org.openqa.selenium.chrome.ChromeDriver
Capabilities [{mobileEmulationEnabled=false, hasTouchScreen=false, platform=WIN8_1, acceptSslCerts=false, goog:chromeOptions={debuggerAddress=localhost:52440}, acceptInsecureCerts=false, webStorageEnabled=true, browserName=chrome, takesScreenshot=true, javascriptEnabled=true, setWindowRect=true, unexpectedAlertBehaviour=, applicationCacheEnabled=false, rotatable=false, networkConnectionEnabled=false, chrome={chromedriverVersion=2.41.578737 (49da6702b16031c40d63e5618de03a32ff6c197e), userDataDir=C:\Users\SRINIV~1\AppData\Local\Temp\scoped_dir4688_18128}, takesHeapSnapshot=true, pageLoadStrategy=normal, databaseEnabled=false, handlesAlerts=true, version=67.0.3396.99, browserConnectionEnabled=false, nativeEvents=true, locationContextEnabled=true, cssSelectorsEnabled=true}]
Session ID: 5ed0b0b2e8e27d148137454c6cee0081]]>
            </message>
            <full-stacktrace>
              <![CDATA[org.openqa.selenium.InvalidElementStateException: invalid element state: Element must be user-editable in order to clear it.
  (Session info: chrome=67.0.3396.99)
  (Driver info: chromedriver=2.41.578737 (49da6702b16031c40d63e5618de03a32ff6c197e),platform=Windows NT 6.3.9600 x86_64) (WARNING: The server did not provide any stacktrace information)
Command duration or timeout: 66 milliseconds
Build info: version: '2.53.1', revision: 'a36b8b1', time: '2016-06-30 17:37:03'
System info: host: 'Sairam', ip: '192.168.0.10', os.name: 'Windows 8.1', os.arch: 'amd64', os.version: '6.3', java.version: '1.8.0_172'
Driver info: org.openqa.selenium.chrome.ChromeDriver
Capabilities [{mobileEmulationEnabled=false, hasTouchScreen=false, platform=WIN8_1, acceptSslCerts=false, goog:chromeOptions={debuggerAddress=localhost:52440}, acceptInsecureCerts=false, webStorageEnabled=true, browserName=chrome, takesScreenshot=true, javascriptEnabled=true, setWindowRect=true, unexpectedAlertBehaviour=, applicationCacheEnabled=false, rotatable=false, networkConnectionEnabled=false, chrome={chromedriverVersion=2.41.578737 (49da6702b16031c40d63e5618de03a32ff6c197e), userDataDir=C:\Users\SRINIV~1\AppData\Local\Temp\scoped_dir4688_18128}, takesHeapSnapshot=true, pageLoadStrategy=normal, databaseEnabled=false, handlesAlerts=true, version=67.0.3396.99, browserConnectionEnabled=false, nativeEvents=true, locationContextEnabled=true, cssSelectorsEnabled=true}]
Session ID: 5ed0b0b2e8e27d148137454c6cee0081
	at sun.reflect.NativeConstructorAccessorImpl.newInstance0(Native Method)
	at sun.reflect.NativeConstructorAccessorImpl.newInstance(Unknown Source)
	at sun.reflect.DelegatingConstructorAccessorImpl.newInstance(Unknown Source)
	at java.lang.reflect.Constructor.newInstance(Unknown Source)
	at org.openqa.selenium.remote.ErrorHandler.createThrowable(ErrorHandler.java:206)
	at org.openqa.selenium.remote.ErrorHandler.throwIfResponseFailed(ErrorHandler.java:158)
	at org.openqa.selenium.remote.RemoteWebDriver.execute(RemoteWebDriver.java:678)
	at org.openqa.selenium.remote.RemoteWebElement.execute(RemoteWebElement.java:327)
	at org.openqa.selenium.remote.RemoteWebElement.clear(RemoteWebElement.java:140)
	at com.Newtours_Signin_KeyWord_Driven_Testing.Newtours_Registration_keyword_datadriven_combination.userRegistration(Newtours_Registration_keyword_datadriven_combination.java:98)
	at sun.reflect.NativeMethodAccessorImpl.invoke0(Native Method)
	at sun.reflect.NativeMethodAccessorImpl.invoke(Unknown Source)
	at sun.reflect.DelegatingMethodAccessorImpl.invoke(Unknown Source)
	at java.lang.reflect.Method.invoke(Unknown Source)
	at org.testng.internal.MethodInvocationHelper.invokeMethod(MethodInvocationHelper.java:85)
	at org.testng.internal.Invoker.invokeMethod(Invoker.java:639)
	at org.testng.internal.Invoker.invokeTestMethod(Invoker.java:816)
	at org.testng.internal.Invoker.invokeTestMethods(Invoker.java:1124)
	at org.testng.internal.TestMethodWorker.invokeTestMethods(TestMethodWorker.java:125)
	at org.testng.internal.TestMethodWorker.run(TestMethodWorker.java:108)
	at org.testng.TestRunner.privateRun(TestRunner.java:774)
	at org.testng.TestRunner.run(TestRunner.java:624)
	at org.testng.SuiteRunner.runTest(SuiteRunner.java:359)
	at org.testng.SuiteRunner.runSequentially(SuiteRunner.java:354)
	at org.testng.SuiteRunner.privateRun(SuiteRunner.java:312)
	at org.testng.SuiteRunner.run(SuiteRunner.java:261)
	at org.testng.SuiteRunnerWorker.runSuite(SuiteRunnerWorker.java:52)
	at org.testng.SuiteRunnerWorker.run(SuiteRunnerWorker.java:86)
	at org.testng.TestNG.runSuitesSequentially(TestNG.java:1215)
	at org.testng.TestNG.runSuitesLocally(TestNG.java:1140)
	at org.testng.TestNG.run(TestNG.java:1048)
	at org.testng.remote.AbstractRemoteTestNG.run(AbstractRemoteTestNG.java:114)
	at org.testng.remote.RemoteTestNG.initAndRun(RemoteTestNG.java:251)
	at org.testng.remote.RemoteTestNG.main(RemoteTestNG.java:77)
]]>
            </full-stacktrace>
          </exception> <!-- org.openqa.selenium.InvalidElementStateException -->
          <reporter-output>
          </reporter-output>
        </test-method> <!-- userRegistration -->
        <test-method status="PASS" signature="tearDown()[pri:0, instance:com.Newtours_Signin_KeyWord_Driven_Testing.Newtours_Registration_keyword_datadriven_combination@5d5eef3d]" name="tearDown" is-config="true" duration-ms="101" started-at="2018-08-09T09:08:21Z" finished-at="2018-08-09T09:08:22Z">
          <reporter-output>
          </reporter-output>
        </test-method> <!-- tearDown -->
      </class> <!-- com.Newtours_Signin_KeyWord_Driven_Testing.Newtours_Registration_keyword_datadriven_combination -->
    </test> <!-- Default test -->
  </suite> <!-- Default suite -->
</testng-results>
