<?xml version="1.0" encoding="UTF-8"?>
<testng-results skipped="0" failed="0" total="0" passed="0">
  <reporter-output>
  </reporter-output>
  <suite name="Cucumber by packages" duration-ms="20" started-at="2018-08-11T22:36:32Z" finished-at="2018-08-11T22:36:32Z">
    <groups>
    </groups>
    <test name="com.CucumberTesting" duration-ms="20" started-at="2018-08-11T22:36:32Z" finished-at="2018-08-11T22:36:32Z">
    </test> <!-- com.CucumberTesting -->
  </suite> <!-- Cucumber by packages -->
</testng-results>
